<?xml version="1.0" encoding="UTF-8"?>
<testng-results ignored="0" total="1" passed="1" failed="0" skipped="0">
  <reporter-output>
  </reporter-output>
  <suite started-at="2023-05-09T13:52:27 CDT" name="Default suite" finished-at="2023-05-09T13:52:53 CDT" duration-ms="25513">
    <groups>
    </groups>
    <test started-at="2023-05-09T13:52:27 CDT" name="Default test" finished-at="2023-05-09T13:52:53 CDT" duration-ms="25513">
      <class name="com.testscenarios.Login_page">
        <test-method signature="f()[pri:0, instance:com.testscenarios.Login_page@60099951]" started-at="2023-05-09T13:52:27 CDT" name="f" finished-at="2023-05-09T13:52:53 CDT" duration-ms="25433" status="PASS">
          <reporter-output>
          </reporter-output>
        </test-method> <!-- f -->
      </class> <!-- com.testscenarios.Login_page -->
    </test> <!-- Default test -->
  </suite> <!-- Default suite -->
</testng-results>
