<?xml version="1.0" encoding="UTF-8"?>
<testng-results ignored="0" total="1" passed="1" failed="0" skipped="0">
  <reporter-output>
  </reporter-output>
  <suite started-at="2023-05-11T23:22:41 CDT" name="Default suite" finished-at="2023-05-11T23:23:12 CDT" duration-ms="30198">
    <groups>
    </groups>
    <test started-at="2023-05-11T23:22:41 CDT" name="Default test" finished-at="2023-05-11T23:23:12 CDT" duration-ms="30198">
      <class name="com.testscenarios.Login_page">
        <test-method signature="f()[pri:0, instance:com.testscenarios.Login_page@1e6a3214]" started-at="2023-05-11T23:22:41 CDT" name="f" finished-at="2023-05-11T23:23:11 CDT" duration-ms="30048" status="PASS">
          <reporter-output>
          </reporter-output>
        </test-method> <!-- f -->
      </class> <!-- com.testscenarios.Login_page -->
    </test> <!-- Default test -->
  </suite> <!-- Default suite -->
</testng-results>
